[2016-05-26 17:01:40] my_logger.INFO: Ticket list [] []
[2016-05-26 17:03:53] my_logger.INFO: Ticket list [] []
[2016-05-26 17:06:03] my_logger.INFO: Ticket list [] []
[2016-05-26 17:06:27] my_logger.INFO: Ticket list [] []
[2016-05-26 17:06:42] my_logger.INFO: Ticket list [] []
[2016-05-26 17:10:39] my_logger.INFO: Ticket list [] []
[2016-05-26 17:12:28] my_logger.INFO: Ticket list [] []
[2016-05-26 17:12:39] my_logger.INFO: Ticket list [] []
[2016-05-26 17:12:39] my_logger.INFO: Ticket list [] []
[2016-05-26 17:12:58] my_logger.INFO: Ticket list [] []
[2016-05-26 17:13:23] my_logger.INFO: Ticket list [] []
[2016-05-26 17:13:23] my_logger.INFO: Ticket list [] []
[2016-05-26 17:13:49] my_logger.INFO: Ticket list [] []
[2016-05-26 17:22:11] my_logger.INFO: Ticket list [] []
[2016-05-26 17:22:32] my_logger.INFO: Ticket list [] []
[2016-05-27 12:11:26] my_logger.INFO: Ticket list [] []
[2016-05-27 12:11:47] my_logger.INFO: Ticket list [] []
[2016-05-27 13:03:51] my_logger.INFO: home page loaded [] []
[2016-05-27 13:04:25] my_logger.INFO: home page loaded [] []
[2016-05-27 13:05:33] my_logger.INFO: home page loaded [] []
[2016-05-27 13:05:53] my_logger.INFO: home page loaded [] []
[2016-05-27 13:06:36] my_logger.INFO: home page loaded [] []
[2016-05-27 13:06:39] my_logger.INFO: home page loaded [] []
[2016-05-27 13:06:48] my_logger.INFO: home page loaded [] []
[2016-05-27 13:06:52] my_logger.INFO: home page loaded [] []
[2016-05-27 13:07:30] my_logger.INFO: home page loaded [] []
[2016-05-27 13:08:21] my_logger.INFO: home page loaded [] []
[2016-05-27 13:08:37] my_logger.INFO: home page loaded [] []
[2016-05-27 13:20:58] my_logger.INFO: home page loaded [] []
[2016-05-27 13:21:08] my_logger.INFO: home page loaded [] []
[2016-05-27 13:21:14] my_logger.INFO: home page loaded [] []
[2016-05-27 13:21:19] my_logger.INFO: home page loaded [] []
[2016-05-27 13:21:28] my_logger.INFO: home page loaded [] []
[2016-05-27 13:21:29] my_logger.INFO: home page loaded [] []
[2016-05-27 13:21:52] my_logger.INFO: home page loaded [] []
[2016-05-27 13:22:43] my_logger.INFO: home page loaded [] []
[2016-05-27 13:22:46] my_logger.INFO: greet answer page [] []
[2016-05-27 13:24:00] my_logger.INFO: greet answer page [] []
[2016-05-27 13:27:25] my_logger.INFO: greet answer page [] []
[2016-05-27 13:27:36] my_logger.INFO: greet answer page [] []
[2016-05-27 13:27:59] my_logger.INFO: greet answer page [] []
[2016-05-27 13:28:26] my_logger.INFO: greet answer page [] []
[2016-05-27 13:28:36] my_logger.INFO: greet answer page [] []
[2016-05-27 13:29:01] my_logger.INFO: greet answer page [] []
[2016-05-27 13:29:08] my_logger.INFO: greet answer page [] []
[2016-05-27 13:29:20] my_logger.INFO: home page loaded [] []
[2016-05-27 13:29:21] my_logger.INFO: home page loaded [] []
[2016-05-27 13:29:33] my_logger.INFO: greet answer page [] []
[2016-05-27 13:29:47] my_logger.INFO: greet answer page [] []
[2016-05-27 13:31:52] my_logger.INFO: greet answer page [] []
[2016-05-27 13:32:41] my_logger.INFO: greet answer page [] []
[2016-05-27 13:32:46] my_logger.INFO: home page loaded [] []
[2016-05-27 13:32:46] my_logger.INFO: home page loaded [] []
[2016-05-27 13:33:37] my_logger.INFO: home page loaded [] []
[2016-05-27 13:33:44] my_logger.INFO: home page loaded [] []
[2016-05-27 13:34:47] my_logger.INFO: home page loaded [] []
[2016-05-27 13:42:33] my_logger.INFO: places answer page [] []
[2016-05-27 13:43:08] my_logger.INFO: places answer page [] []
[2016-05-27 13:43:21] my_logger.INFO: places answer page [] []
[2016-05-27 13:44:55] my_logger.INFO: places answer page [] []
[2016-05-27 13:45:08] my_logger.INFO: places answer page [] []
[2016-05-27 13:45:34] my_logger.INFO: places answer page [] []
[2016-05-27 13:45:58] my_logger.INFO: places answer page [] []
[2016-05-27 13:47:20] my_logger.INFO: places answer page [] []
[2016-05-27 13:48:12] my_logger.INFO: places answer page [] []
[2016-05-27 13:48:31] my_logger.INFO: places answer page [] []
[2016-05-27 13:48:34] my_logger.INFO: places answer page [] []
[2016-05-27 13:48:42] my_logger.INFO: places answer page [] []
[2016-05-27 13:48:46] my_logger.INFO: places answer page [] []
[2016-05-27 13:49:32] my_logger.INFO: places answer page [] []
[2016-05-27 13:49:48] my_logger.INFO: places answer page [] []
[2016-05-27 13:51:08] my_logger.INFO: places answer page [] []
[2016-05-27 13:51:43] my_logger.INFO: home page loaded [] []
[2016-05-27 13:51:53] my_logger.INFO: home page loaded [] []
[2016-05-27 13:52:08] my_logger.INFO: home page loaded [] []
[2016-05-27 13:55:15] my_logger.INFO: places answer page [] []
[2016-05-27 13:55:23] my_logger.INFO: Ticket list [] []
[2016-05-27 13:55:38] my_logger.INFO: Ticket list [] []
[2016-05-27 14:20:53] my_logger.INFO: Ticket list [] []
[2016-05-27 14:20:58] my_logger.INFO: home page loaded [] []
[2016-05-27 14:21:01] my_logger.INFO: home page loaded [] []
[2016-05-27 14:21:05] my_logger.INFO: places answer page [] []
[2016-05-27 14:21:18] my_logger.INFO: places answer page [] []
[2016-05-27 16:25:02] my_logger.INFO: home page loaded [] []
[2016-05-27 16:25:07] my_logger.INFO: places answer page [] []
[2016-05-27 18:08:37] my_logger.INFO: home page loaded [] []
[2016-05-27 18:11:07] my_logger.INFO: home page loaded [] []
[2016-05-27 18:11:21] my_logger.INFO: home page loaded [] []
[2016-05-27 18:11:36] my_logger.INFO: home page loaded [] []
[2016-05-27 18:11:40] my_logger.INFO: home page loaded [] []
[2016-05-27 18:12:01] my_logger.INFO: home page loaded [] []
[2016-05-27 18:12:11] my_logger.INFO: home page loaded [] []
[2016-05-27 18:12:17] my_logger.INFO: home page loaded [] []
[2016-05-27 18:12:57] my_logger.INFO: home page loaded [] []
[2016-05-27 18:14:15] my_logger.INFO: home page loaded [] []
[2016-05-27 18:14:27] my_logger.INFO: home page loaded [] []
[2016-05-27 18:15:33] my_logger.INFO: home page loaded [] []
[2016-05-27 18:15:52] my_logger.INFO: places answer page [] []
[2016-05-27 18:16:07] my_logger.INFO: places answer page [] []
[2016-05-27 18:16:19] my_logger.INFO: places answer page [] []
[2016-05-27 18:17:26] my_logger.INFO: places answer page [] []
[2016-05-27 18:30:17] my_logger.INFO: places answer page [] []
[2016-05-27 18:54:03] my_logger.INFO: places answer page [] []
[2016-05-27 18:54:31] my_logger.INFO: home page loaded [] []
[2016-05-27 18:55:20] my_logger.INFO: home page loaded [] []
[2016-05-27 18:56:48] my_logger.INFO: home page loaded [] []
[2016-05-27 18:57:15] my_logger.INFO: home page loaded [] []
[2016-05-27 18:57:48] my_logger.INFO: home page loaded [] []
[2016-05-30 12:28:41] my_logger.INFO: home page loaded [] []
[2016-05-30 12:32:23] my_logger.INFO: home page loaded [] []
[2016-05-30 12:32:59] my_logger.INFO: home page loaded [] []
[2016-05-30 12:34:57] my_logger.INFO: home page loaded [] []
[2016-05-30 12:35:47] my_logger.INFO: home page loaded [] []
[2016-05-30 12:36:59] my_logger.INFO: home page loaded [] []
[2016-05-30 12:37:33] my_logger.INFO: home page loaded [] []
[2016-05-30 12:38:13] my_logger.INFO: home page loaded [] []
[2016-05-30 12:44:37] my_logger.INFO: home page loaded [] []
[2016-05-30 12:45:08] my_logger.INFO: home page loaded [] []
[2016-05-30 12:45:10] my_logger.INFO: home page loaded [] []
[2016-05-30 12:45:18] my_logger.INFO: home page loaded [] []
[2016-05-30 12:45:34] my_logger.INFO: home page loaded [] []
[2016-05-30 12:45:56] my_logger.INFO: home page loaded [] []
[2016-05-30 12:46:22] my_logger.INFO: home page loaded [] []
[2016-05-30 12:46:28] my_logger.INFO: home page loaded [] []
[2016-05-30 12:46:32] my_logger.INFO: home page loaded [] []
[2016-05-30 12:48:13] my_logger.INFO: home page loaded [] []
[2016-05-30 12:48:36] my_logger.INFO: home page loaded [] []
[2016-05-30 12:48:46] my_logger.INFO: home page loaded [] []
[2016-05-30 12:51:09] my_logger.INFO: home page loaded [] []
[2016-05-30 12:51:19] my_logger.INFO: home page loaded [] []
[2016-05-30 12:52:03] my_logger.INFO: home page loaded [] []
[2016-05-30 12:52:25] my_logger.INFO: home page loaded [] []
[2016-05-30 13:06:29] my_logger.INFO: home page loaded [] []
[2016-05-30 13:06:52] my_logger.INFO: home page loaded [] []
[2016-05-30 13:07:04] my_logger.INFO: home page loaded [] []
[2016-05-30 13:07:32] my_logger.INFO: home page loaded [] []
[2016-05-30 13:07:39] my_logger.INFO: home page loaded [] []
[2016-05-30 13:08:11] my_logger.INFO: home page loaded [] []
[2016-05-30 13:08:50] my_logger.INFO: home page loaded [] []
[2016-05-30 13:08:56] my_logger.INFO: home page loaded [] []
[2016-05-30 13:11:30] my_logger.INFO: home page loaded [] []
[2016-05-30 13:11:48] my_logger.INFO: home page loaded [] []
[2016-05-30 13:12:13] my_logger.INFO: home page loaded [] []
[2016-05-30 13:12:37] my_logger.INFO: home page loaded [] []
[2016-05-30 13:12:42] my_logger.INFO: home page loaded [] []
[2016-05-30 13:16:09] my_logger.INFO: home page loaded [] []
[2016-05-30 13:16:21] my_logger.INFO: home page loaded [] []
[2016-05-30 13:18:58] my_logger.INFO: home page loaded [] []
[2016-05-30 13:19:26] my_logger.INFO: home page loaded [] []
[2016-05-30 13:21:26] my_logger.INFO: home page loaded [] []
[2016-05-30 13:21:40] my_logger.INFO: home page loaded [] []
[2016-05-30 13:22:05] my_logger.INFO: home page loaded [] []
[2016-05-30 13:22:15] my_logger.INFO: home page loaded [] []
[2016-05-30 13:22:48] my_logger.INFO: home page loaded [] []
[2016-05-30 13:22:55] my_logger.INFO: home page loaded [] []
[2016-05-30 13:23:44] my_logger.INFO: home page loaded [] []
[2016-05-30 13:25:20] my_logger.INFO: home page loaded [] []
[2016-05-30 13:26:17] my_logger.INFO: home page loaded [] []
[2016-05-30 13:29:10] my_logger.INFO: home page loaded [] []
[2016-05-30 13:30:25] my_logger.INFO: home page loaded [] []
[2016-05-30 13:36:44] my_logger.INFO: home page loaded [] []
[2016-05-30 13:36:47] my_logger.INFO: home page loaded [] []
[2016-05-30 13:39:10] my_logger.INFO: home page loaded [] []
[2016-05-30 13:39:36] my_logger.INFO: home page loaded [] []
[2016-05-30 13:39:41] my_logger.INFO: home page loaded [] []
[2016-05-30 13:40:25] my_logger.INFO: home page loaded [] []
[2016-05-30 13:41:19] my_logger.INFO: home page loaded [] []
[2016-05-30 13:41:42] my_logger.INFO: home page loaded [] []
[2016-05-30 13:41:45] my_logger.INFO: home page loaded [] []
[2016-05-30 13:43:36] my_logger.INFO: home page loaded [] []
[2016-05-30 13:44:02] my_logger.INFO: home page loaded [] []
[2016-05-30 13:45:26] my_logger.INFO: home page loaded [] []
[2016-05-30 13:45:36] my_logger.INFO: home page loaded [] []
[2016-05-30 13:45:39] my_logger.INFO: home page loaded [] []
[2016-05-30 13:46:18] my_logger.INFO: home page loaded [] []
[2016-05-30 13:46:25] my_logger.INFO: home page loaded [] []
[2016-05-30 13:46:31] my_logger.INFO: home page loaded [] []
[2016-05-30 13:46:43] my_logger.INFO: home page loaded [] []
[2016-05-30 13:48:13] my_logger.INFO: home page loaded [] []
[2016-05-30 13:48:14] my_logger.INFO: home page loaded [] []
[2016-05-30 13:48:22] my_logger.INFO: home page loaded [] []
[2016-05-30 13:49:16] my_logger.INFO: home page loaded [] []
[2016-05-30 13:49:38] my_logger.INFO: home page loaded [] []
[2016-05-30 13:49:45] my_logger.INFO: home page loaded [] []
[2016-05-30 13:50:02] my_logger.INFO: home page loaded [] []
[2016-05-30 13:50:34] my_logger.INFO: home page loaded [] []
[2016-05-30 13:51:51] my_logger.INFO: home page loaded [] []
[2016-05-30 13:52:08] my_logger.INFO: home page loaded [] []
[2016-05-30 13:52:38] my_logger.INFO: home page loaded [] []
[2016-05-30 13:52:56] my_logger.INFO: home page loaded [] []
[2016-05-30 13:54:12] my_logger.INFO: home page loaded [] []
[2016-05-30 13:54:36] my_logger.INFO: home page loaded [] []
[2016-05-30 13:54:52] my_logger.INFO: home page loaded [] []
[2016-05-30 13:55:19] my_logger.INFO: home page loaded [] []
[2016-05-30 13:55:43] my_logger.INFO: home page loaded [] []
[2016-05-30 13:56:16] my_logger.INFO: home page loaded [] []
[2016-05-30 13:56:29] my_logger.INFO: home page loaded [] []
[2016-05-30 13:57:20] my_logger.INFO: home page loaded [] []
[2016-05-30 13:58:47] my_logger.INFO: home page loaded [] []
[2016-05-30 13:59:04] my_logger.INFO: home page loaded [] []
[2016-05-30 13:59:25] my_logger.INFO: home page loaded [] []
[2016-05-30 13:59:49] my_logger.INFO: home page loaded [] []
[2016-05-30 14:01:19] my_logger.INFO: home page loaded [] []
[2016-05-30 14:04:36] my_logger.INFO: home page loaded [] []
[2016-05-30 14:05:48] my_logger.INFO: home page loaded [] []
[2016-05-30 14:08:52] my_logger.INFO: home page loaded [] []
[2016-05-30 14:11:33] my_logger.INFO: home page loaded [] []
[2016-05-30 14:13:33] my_logger.INFO: home page loaded [] []
[2016-05-30 14:13:47] my_logger.INFO: home page loaded [] []
[2016-05-30 14:13:48] my_logger.INFO: home page loaded [] []
[2016-05-30 14:14:17] my_logger.INFO: home page loaded [] []
[2016-05-30 14:16:49] my_logger.INFO: home page loaded [] []
[2016-05-30 14:17:08] my_logger.INFO: home page loaded [] []
[2016-05-30 14:18:22] my_logger.INFO: home page loaded [] []
[2016-05-30 14:19:03] my_logger.INFO: home page loaded [] []
[2016-05-30 14:20:12] my_logger.INFO: home page loaded [] []
[2016-05-30 14:22:06] my_logger.INFO: home page loaded [] []
[2016-05-30 14:22:52] my_logger.INFO: home page loaded [] []
[2016-05-30 14:25:09] my_logger.INFO: home page loaded [] []
[2016-05-30 14:25:28] my_logger.INFO: home page loaded [] []
[2016-05-30 14:29:47] my_logger.INFO: home page loaded [] []
[2016-05-30 14:39:39] my_logger.INFO: home page loaded [] []
[2016-05-30 14:41:58] my_logger.INFO: home page loaded [] []
[2016-05-30 14:43:03] my_logger.INFO: home page loaded [] []
[2016-05-30 14:43:17] my_logger.INFO: home page loaded [] []
[2016-05-30 14:46:17] my_logger.INFO: home page loaded [] []
[2016-05-30 14:49:09] my_logger.INFO: home page loaded [] []
[2016-05-30 14:49:27] my_logger.INFO: home page loaded [] []
[2016-05-30 14:50:07] my_logger.INFO: home page loaded [] []
[2016-05-30 14:50:24] my_logger.INFO: home page loaded [] []
[2016-05-30 14:52:20] my_logger.INFO: home page loaded [] []
[2016-05-30 14:52:51] my_logger.INFO: home page loaded [] []
[2016-05-30 15:00:55] my_logger.INFO: home page loaded [] []
[2016-05-30 15:01:40] my_logger.INFO: home page loaded [] []
[2016-05-30 15:02:01] my_logger.INFO: home page loaded [] []
[2016-05-30 15:05:20] my_logger.INFO: home page loaded [] []
[2016-05-30 15:10:51] my_logger.INFO: home page loaded [] []
[2016-05-30 15:11:28] my_logger.INFO: home page loaded [] []
[2016-05-30 15:11:43] my_logger.INFO: home page loaded [] []
[2016-05-30 15:11:46] my_logger.INFO: places answer page [] []
[2016-05-30 15:13:00] my_logger.INFO: places answer page [] []
[2016-05-30 15:13:04] my_logger.INFO: home page loaded [] []
[2016-05-30 15:13:20] my_logger.INFO: home page loaded [] []
[2016-05-30 15:13:25] my_logger.INFO: places answer page [] []
[2016-05-30 15:14:11] my_logger.INFO: places answer page [] []
[2016-05-30 15:14:30] my_logger.INFO: places answer page [] []
[2016-05-30 15:14:39] my_logger.INFO: places answer page [] []
[2016-05-30 15:14:46] my_logger.INFO: places answer page [] []
[2016-05-30 15:15:10] my_logger.INFO: places answer page [] []
[2016-05-30 15:15:16] my_logger.INFO: places answer page [] []
[2016-05-30 15:15:20] my_logger.INFO: places answer page [] []
[2016-05-30 15:16:01] my_logger.INFO: places answer page [] []
[2016-05-30 15:17:27] my_logger.INFO: places answer page [] []
[2016-05-30 15:17:40] my_logger.INFO: places answer page [] []
[2016-05-30 15:24:42] my_logger.INFO: home page loaded [] []
[2016-05-30 15:26:34] my_logger.INFO: home page loaded [] []
[2016-05-30 15:26:54] my_logger.INFO: home page loaded [] []
[2016-05-30 15:27:34] my_logger.INFO: home page loaded [] []
[2016-05-30 15:27:35] my_logger.INFO: home page loaded [] []
[2016-05-30 15:27:38] my_logger.INFO: places answer page [] []
[2016-05-30 15:29:07] my_logger.INFO: places answer page [] []
[2016-05-30 15:29:12] my_logger.INFO: home page loaded [] []
[2016-05-30 15:29:15] my_logger.INFO: places answer page [] []
[2016-05-30 15:29:42] my_logger.INFO: places answer page [] []
[2016-05-30 15:29:48] my_logger.INFO: home page loaded [] []
[2016-05-30 15:29:50] my_logger.INFO: places answer page [] []
[2016-05-30 15:30:51] my_logger.INFO: places answer page [] []
[2016-05-30 15:30:53] my_logger.INFO: places answer page [] []
[2016-05-30 15:30:58] my_logger.INFO: places answer page [] []
[2016-05-30 15:31:33] my_logger.INFO: places answer page [] []
[2016-05-30 15:31:39] my_logger.INFO: home page loaded [] []
[2016-05-30 15:31:42] my_logger.INFO: places answer page [] []
[2016-05-30 15:32:35] my_logger.INFO: home page loaded [] []
[2016-05-30 15:32:38] my_logger.INFO: places answer page [] []
[2016-05-30 15:33:15] my_logger.INFO: home page loaded [] []
[2016-05-30 15:33:16] my_logger.INFO: home page loaded [] []
[2016-05-30 15:33:19] my_logger.INFO: places answer page [] []
[2016-05-30 15:34:19] my_logger.INFO: home page loaded [] []
[2016-05-30 15:34:33] my_logger.INFO: home page loaded [] []
[2016-05-30 15:34:38] my_logger.INFO: places answer page [] []
[2016-05-30 15:35:09] my_logger.INFO: home page loaded [] []
[2016-05-30 15:35:12] my_logger.INFO: places answer page [] []
[2016-05-30 15:35:21] my_logger.INFO: home page loaded [] []
[2016-05-30 15:35:25] my_logger.INFO: places answer page [] []
[2016-05-30 15:35:52] my_logger.INFO: places answer page [] []
[2016-05-30 15:35:58] my_logger.INFO: places answer page [] []
[2016-05-30 15:36:02] my_logger.INFO: home page loaded [] []
[2016-05-30 15:36:05] my_logger.INFO: places answer page [] []
[2016-05-30 15:36:29] my_logger.INFO: places answer page [] []
[2016-05-30 15:36:36] my_logger.INFO: home page loaded [] []
[2016-05-30 15:36:40] my_logger.INFO: places answer page [] []
[2016-05-30 15:37:41] my_logger.INFO: home page loaded [] []
[2016-05-30 15:37:45] my_logger.INFO: places answer page [] []
[2016-05-30 15:39:18] my_logger.INFO: places answer page [] []
[2016-05-30 15:39:25] my_logger.INFO: places answer page [] []
[2016-05-30 15:39:54] my_logger.INFO: places answer page [] []
[2016-05-30 15:40:54] my_logger.INFO: places answer page [] []
[2016-05-30 15:40:59] my_logger.INFO: home page loaded [] []
[2016-05-30 15:41:02] my_logger.INFO: places answer page [] []
[2016-05-30 15:41:44] my_logger.INFO: places answer page [] []
[2016-05-30 15:42:16] my_logger.INFO: places answer page [] []
[2016-05-30 15:44:48] my_logger.INFO: places answer page [] []
[2016-05-30 15:45:06] my_logger.INFO: home page loaded [] []
[2016-05-30 15:45:09] my_logger.INFO: places answer page [] []
[2016-05-30 15:46:48] my_logger.INFO: home page loaded [] []
[2016-05-30 15:46:51] my_logger.INFO: places answer page [] []
[2016-05-30 15:47:06] my_logger.INFO: places answer page [] []
[2016-05-30 15:48:52] my_logger.INFO: places answer page [] []
[2016-05-30 15:51:43] my_logger.INFO: places answer page [] []
[2016-05-30 15:52:28] my_logger.INFO: places answer page [] []
[2016-05-30 15:52:34] my_logger.INFO: places answer page [] []
[2016-05-30 15:53:48] my_logger.INFO: places answer page [] []
[2016-05-30 15:53:54] my_logger.INFO: places answer page [] []
[2016-05-30 15:57:02] my_logger.INFO: places answer page [] []
[2016-05-30 15:59:48] my_logger.INFO: places answer page [] []
[2016-05-30 16:01:00] my_logger.INFO: places answer page [] []
[2016-05-30 16:01:14] my_logger.INFO: home page loaded [] []
[2016-05-30 16:01:17] my_logger.INFO: places answer page [] []
[2016-05-30 16:02:07] my_logger.INFO: places answer page [] []
[2016-05-30 16:04:16] my_logger.INFO: places answer page [] []
[2016-05-30 16:04:37] my_logger.INFO: home page loaded [] []
[2016-05-30 16:04:38] my_logger.INFO: home page loaded [] []
[2016-05-30 16:04:40] my_logger.INFO: places answer page [] []
[2016-05-30 16:05:10] my_logger.INFO: places answer page [] []
[2016-05-30 16:05:21] my_logger.INFO: places answer page [] []
[2016-05-30 16:05:39] my_logger.INFO: home page loaded [] []
[2016-05-30 16:05:40] my_logger.INFO: places answer page [] []
[2016-05-30 16:05:52] my_logger.INFO: places answer page [] []
[2016-05-30 16:06:04] my_logger.INFO: places answer page [] []
[2016-05-30 16:06:09] my_logger.INFO: home page loaded [] []
[2016-05-30 16:06:12] my_logger.INFO: places answer page [] []
[2016-05-30 16:06:25] my_logger.INFO: home page loaded [] []
[2016-05-30 16:06:27] my_logger.INFO: places answer page [] []
[2016-05-30 16:06:58] my_logger.INFO: places answer page [] []
[2016-05-30 16:07:07] my_logger.INFO: home page loaded [] []
[2016-05-30 16:07:09] my_logger.INFO: places answer page [] []
[2016-05-30 16:07:33] my_logger.INFO: places answer page [] []
[2016-05-30 16:07:50] my_logger.INFO: places answer page [] []
[2016-05-30 16:08:11] my_logger.INFO: places answer page [] []
[2016-05-30 16:08:33] my_logger.INFO: places answer page [] []
[2016-05-30 16:08:57] my_logger.INFO: places answer page [] []
[2016-05-30 16:09:05] my_logger.INFO: places answer page [] []
[2016-05-30 16:09:10] my_logger.INFO: places answer page [] []
[2016-05-30 16:09:32] my_logger.INFO: places answer page [] []
[2016-05-30 16:09:47] my_logger.INFO: places answer page [] []
[2016-05-30 16:11:06] my_logger.INFO: places answer page [] []
[2016-05-30 16:11:19] my_logger.INFO: places answer page [] []
[2016-05-30 16:11:31] my_logger.INFO: places answer page [] []
[2016-05-30 16:12:36] my_logger.INFO: places answer page [] []
[2016-05-30 16:13:53] my_logger.INFO: places answer page [] []
[2016-05-30 16:14:25] my_logger.INFO: places answer page [] []
[2016-05-30 16:15:09] my_logger.INFO: places answer page [] []
[2016-05-30 16:15:19] my_logger.INFO: places answer page [] []
[2016-05-30 16:17:23] my_logger.INFO: places answer page [] []
[2016-05-30 16:18:00] my_logger.INFO: places answer page [] []
[2016-05-30 16:18:28] my_logger.INFO: places answer page [] []
[2016-05-30 16:18:39] my_logger.INFO: places answer page [] []
[2016-05-30 16:18:44] my_logger.INFO: places answer page [] []
[2016-05-30 16:18:52] my_logger.INFO: places answer page [] []
[2016-05-30 16:19:00] my_logger.INFO: places answer page [] []
[2016-05-30 16:19:17] my_logger.INFO: places answer page [] []
[2016-05-30 16:19:22] my_logger.INFO: home page loaded [] []
[2016-05-30 16:19:29] my_logger.INFO: places answer page [] []
[2016-05-30 16:19:51] my_logger.INFO: home page loaded [] []
[2016-05-30 16:19:55] my_logger.INFO: places answer page [] []
[2016-05-30 16:20:19] my_logger.INFO: home page loaded [] []
[2016-05-30 16:20:23] my_logger.INFO: places answer page [] []
[2016-05-30 16:22:25] my_logger.INFO: home page loaded [] []
[2016-05-30 16:22:29] my_logger.INFO: places answer page [] []
[2016-05-30 16:26:05] my_logger.INFO: places answer page [] []
[2016-05-30 16:26:11] my_logger.INFO: home page loaded [] []
[2016-05-30 16:26:14] my_logger.INFO: places answer page [] []
[2016-05-30 16:26:24] my_logger.INFO: places answer page [] []
[2016-05-30 16:28:11] my_logger.INFO: places answer page [] []
[2016-05-30 16:30:06] my_logger.INFO: home page loaded [] []
[2016-05-30 16:30:12] my_logger.INFO: places answer page [] []
[2016-05-30 16:32:03] my_logger.INFO: places answer page [] []
[2016-05-30 16:33:11] my_logger.INFO: home page loaded [] []
[2016-05-30 16:33:14] my_logger.INFO: places answer page [] []
[2016-05-30 16:33:34] my_logger.INFO: home page loaded [] []
[2016-05-30 16:33:39] my_logger.INFO: home page loaded [] []
[2016-05-30 16:33:42] my_logger.INFO: places answer page [] []
[2016-05-30 16:34:09] my_logger.INFO: places answer page [] []
[2016-05-30 16:35:10] my_logger.INFO: home page loaded [] []
[2016-05-30 16:35:18] my_logger.INFO: places answer page [] []
[2016-05-30 16:35:44] my_logger.INFO: places answer page [] []
[2016-05-30 16:36:14] my_logger.INFO: home page loaded [] []
[2016-05-30 16:36:17] my_logger.INFO: places answer page [] []
[2016-05-30 17:09:40] my_logger.INFO: places answer page [] []
[2016-05-30 17:11:25] my_logger.INFO: places answer page [] []
[2016-05-30 17:13:01] my_logger.INFO: places answer page [] []
[2016-05-30 17:14:14] my_logger.INFO: places answer page [] []
[2016-05-30 17:14:37] my_logger.INFO: places answer page [] []
[2016-05-30 17:14:42] my_logger.INFO: home page loaded [] []
[2016-05-30 17:14:45] my_logger.INFO: places answer page [] []
[2016-05-30 17:15:10] my_logger.INFO: home page loaded [] []
[2016-05-30 17:15:13] my_logger.INFO: places answer page [] []
[2016-05-30 17:18:57] my_logger.INFO: places answer page [] []
[2016-05-30 17:19:28] my_logger.INFO: home page loaded [] []
[2016-05-30 17:20:00] my_logger.INFO: home page loaded [] []
[2016-05-30 17:20:03] my_logger.INFO: places answer page [] []
[2016-05-30 17:20:24] my_logger.INFO: places answer page [] []
[2016-05-30 17:20:50] my_logger.INFO: home page loaded [] []
[2016-05-30 17:20:51] my_logger.INFO: home page loaded [] []
[2016-05-30 17:21:20] my_logger.INFO: home page loaded [] []
[2016-05-30 17:21:20] my_logger.INFO: home page loaded [] []
[2016-05-30 17:21:20] my_logger.INFO: home page loaded [] []
[2016-05-30 17:21:33] my_logger.INFO: home page loaded [] []
[2016-05-30 17:21:36] my_logger.INFO: places answer page [] []
[2016-05-30 17:21:43] my_logger.INFO: places answer page [] []
[2016-05-30 17:23:18] my_logger.INFO: home page loaded [] []
[2016-05-30 17:23:21] my_logger.INFO: places answer page [] []
[2016-05-30 17:23:56] my_logger.INFO: home page loaded [] []
[2016-05-30 17:24:00] my_logger.INFO: places answer page [] []
[2016-05-30 17:24:21] my_logger.INFO: home page loaded [] []
[2016-05-30 17:24:24] my_logger.INFO: places answer page [] []
[2016-05-30 17:25:06] my_logger.INFO: home page loaded [] []
[2016-05-30 17:25:12] my_logger.INFO: places answer page [] []
[2016-05-30 17:25:44] my_logger.INFO: home page loaded [] []
[2016-05-30 17:25:48] my_logger.INFO: places answer page [] []
[2016-05-30 17:25:49] my_logger.INFO: places answer page [] []
[2016-05-30 17:26:35] my_logger.INFO: home page loaded [] []
[2016-05-30 17:26:38] my_logger.INFO: places answer page [] []
[2016-05-30 17:26:42] my_logger.INFO: places answer page [] []
[2016-05-30 17:27:35] my_logger.INFO: home page loaded [] []
[2016-05-30 17:27:37] my_logger.INFO: places answer page [] []
[2016-05-30 17:28:05] my_logger.INFO: home page loaded [] []
[2016-05-30 17:28:08] my_logger.INFO: places answer page [] []
[2016-05-30 17:29:50] my_logger.INFO: home page loaded [] []
[2016-05-30 17:29:52] my_logger.INFO: places answer page [] []
[2016-05-30 17:30:08] my_logger.INFO: home page loaded [] []
[2016-05-30 17:30:12] my_logger.INFO: places answer page [] []
[2016-05-30 17:30:18] my_logger.INFO: places answer page [] []
[2016-05-30 17:30:28] my_logger.INFO: home page loaded [] []
[2016-05-30 17:30:31] my_logger.INFO: places answer page [] []
[2016-05-30 17:31:25] my_logger.INFO: home page loaded [] []
[2016-05-30 17:31:28] my_logger.INFO: places answer page [] []
[2016-05-30 17:33:54] my_logger.INFO: home page loaded [] []
[2016-05-30 17:33:58] my_logger.INFO: places answer page [] []
[2016-05-30 17:34:53] my_logger.INFO: home page loaded [] []
[2016-05-30 17:34:55] my_logger.INFO: places answer page [] []
[2016-05-30 17:35:18] my_logger.INFO: home page loaded [] []
[2016-05-30 17:35:20] my_logger.INFO: places answer page [] []
[2016-05-30 17:35:50] my_logger.INFO: home page loaded [] []
[2016-05-30 17:35:55] my_logger.INFO: places answer page [] []
[2016-05-30 17:38:30] my_logger.INFO: home page loaded [] []
[2016-05-30 17:38:32] my_logger.INFO: places answer page [] []
[2016-05-30 17:38:45] my_logger.INFO: home page loaded [] []
[2016-05-30 17:38:47] my_logger.INFO: places answer page [] []
[2016-05-30 17:39:06] my_logger.INFO: home page loaded [] []
[2016-05-30 17:39:08] my_logger.INFO: places answer page [] []
[2016-05-30 17:39:35] my_logger.INFO: home page loaded [] []
[2016-05-30 17:39:38] my_logger.INFO: places answer page [] []
[2016-05-30 17:40:09] my_logger.INFO: home page loaded [] []
[2016-05-30 17:40:11] my_logger.INFO: places answer page [] []
[2016-05-30 17:40:48] my_logger.INFO: home page loaded [] []
[2016-05-30 17:40:56] my_logger.INFO: places answer page [] []
[2016-05-30 17:43:40] my_logger.INFO: home page loaded [] []
[2016-05-30 17:43:42] my_logger.INFO: places answer page [] []
[2016-05-30 17:44:28] my_logger.INFO: home page loaded [] []
[2016-05-30 17:44:31] my_logger.INFO: places answer page [] []
[2016-05-30 17:45:01] my_logger.INFO: home page loaded [] []
[2016-05-30 17:45:04] my_logger.INFO: places answer page [] []
[2016-05-30 17:45:40] my_logger.INFO: home page loaded [] []
[2016-05-30 17:45:42] my_logger.INFO: places answer page [] []
[2016-05-30 17:45:56] my_logger.INFO: home page loaded [] []
[2016-05-30 17:45:58] my_logger.INFO: places answer page [] []
[2016-05-30 17:46:17] my_logger.INFO: home page loaded [] []
[2016-05-30 17:46:23] my_logger.INFO: places answer page [] []
[2016-05-30 17:46:56] my_logger.INFO: home page loaded [] []
[2016-05-30 17:46:58] my_logger.INFO: places answer page [] []
[2016-05-30 17:46:59] my_logger.INFO: places answer page [] []
[2016-05-30 17:47:41] my_logger.INFO: home page loaded [] []
[2016-05-30 17:48:07] my_logger.INFO: home page loaded [] []
[2016-05-30 17:48:09] my_logger.INFO: places answer page [] []
[2016-05-30 17:48:35] my_logger.INFO: home page loaded [] []
[2016-05-30 17:48:38] my_logger.INFO: places answer page [] []
[2016-05-30 17:49:16] my_logger.INFO: home page loaded [] []
[2016-05-30 17:49:20] my_logger.INFO: places answer page [] []
[2016-05-30 17:49:48] my_logger.INFO: home page loaded [] []
[2016-05-30 17:49:50] my_logger.INFO: places answer page [] []
[2016-05-30 17:51:01] my_logger.INFO: home page loaded [] []
[2016-05-30 17:51:04] my_logger.INFO: places answer page [] []
[2016-05-30 17:51:16] my_logger.INFO: home page loaded [] []
[2016-05-30 17:51:18] my_logger.INFO: places answer page [] []
[2016-05-30 17:51:51] my_logger.INFO: home page loaded [] []
[2016-05-30 17:51:54] my_logger.INFO: places answer page [] []
[2016-05-30 17:52:04] my_logger.INFO: home page loaded [] []
[2016-05-30 17:52:05] my_logger.INFO: places answer page [] []
[2016-05-30 17:53:19] my_logger.INFO: home page loaded [] []
[2016-05-30 17:53:21] my_logger.INFO: places answer page [] []
[2016-05-30 17:54:35] my_logger.INFO: home page loaded [] []
[2016-05-30 17:54:37] my_logger.INFO: places answer page [] []
[2016-05-30 17:55:46] my_logger.INFO: home page loaded [] []
[2016-05-30 17:55:48] my_logger.INFO: places answer page [] []
[2016-05-30 17:56:53] my_logger.INFO: home page loaded [] []
[2016-05-30 17:56:55] my_logger.INFO: places answer page [] []
[2016-05-30 17:58:03] my_logger.INFO: places answer page [] []
[2016-05-30 17:58:37] my_logger.INFO: home page loaded [] []
[2016-05-30 17:58:37] my_logger.INFO: home page loaded [] []
[2016-05-30 17:58:49] my_logger.INFO: places answer page [] []
[2016-05-30 18:04:41] my_logger.INFO: places answer page [] []
[2016-05-30 18:04:57] my_logger.INFO: places answer page [] []
[2016-05-30 18:05:12] my_logger.INFO: home page loaded [] []
[2016-05-30 18:05:15] my_logger.INFO: places answer page [] []
[2016-05-30 18:05:59] my_logger.INFO: home page loaded [] []
[2016-05-30 18:06:02] my_logger.INFO: places answer page [] []
[2016-05-30 18:06:14] my_logger.INFO: places answer page [] []
[2016-05-30 18:09:45] my_logger.INFO: home page loaded [] []
[2016-05-30 18:09:49] my_logger.INFO: home page loaded [] []
[2016-05-30 18:09:52] my_logger.INFO: places answer page [] []
[2016-05-30 18:12:36] my_logger.INFO: home page loaded [] []
[2016-05-30 18:12:39] my_logger.INFO: places answer page [] []
[2016-05-30 18:12:57] my_logger.INFO: home page loaded [] []
[2016-05-30 18:12:59] my_logger.INFO: places answer page [] []
[2016-05-30 18:23:42] my_logger.INFO: home page loaded [] []
[2016-05-30 18:23:45] my_logger.INFO: places answer page [] []
[2016-05-30 18:24:37] my_logger.INFO: home page loaded [] []
[2016-05-30 18:24:39] my_logger.INFO: places answer page [] []
[2016-05-30 18:24:40] my_logger.INFO: places answer page [] []
[2016-05-30 18:27:42] my_logger.INFO: home page loaded [] []
[2016-05-30 18:27:49] my_logger.INFO: places answer page [] []
[2016-05-30 18:31:05] my_logger.INFO: home page loaded [] []
[2016-05-30 18:31:08] my_logger.INFO: places answer page [] []
[2016-05-30 18:32:35] my_logger.INFO: home page loaded [] []
[2016-05-30 18:32:43] my_logger.INFO: places answer page [] []
[2016-05-30 18:37:31] my_logger.INFO: home page loaded [] []
[2016-05-30 18:39:11] my_logger.INFO: home page loaded [] []
[2016-05-30 18:43:18] my_logger.INFO: home page loaded [] []
[2016-05-30 18:43:25] my_logger.INFO: places answer page [] []
[2016-05-30 18:43:38] my_logger.INFO: home page loaded [] []
[2016-05-30 18:44:12] my_logger.INFO: home page loaded [] []
[2016-05-30 18:44:25] my_logger.INFO: home page loaded [] []
[2016-05-30 18:44:28] my_logger.INFO: home page loaded [] []
[2016-05-30 18:44:32] my_logger.INFO: home page loaded [] []
[2016-05-30 18:44:40] my_logger.INFO: home page loaded [] []
[2016-05-30 18:44:46] my_logger.INFO: home page loaded [] []
[2016-05-30 18:44:56] my_logger.INFO: home page loaded [] []
[2016-05-30 18:45:17] my_logger.INFO: home page loaded [] []
[2016-05-30 18:45:23] my_logger.INFO: home page loaded [] []
[2016-05-30 18:45:33] my_logger.INFO: home page loaded [] []
[2016-05-30 18:45:45] my_logger.INFO: home page loaded [] []
[2016-05-30 18:45:56] my_logger.INFO: home page loaded [] []
[2016-05-30 18:46:51] my_logger.INFO: home page loaded [] []
[2016-05-30 18:48:04] my_logger.INFO: home page loaded [] []
[2016-05-30 18:48:37] my_logger.INFO: home page loaded [] []
[2016-05-30 18:49:14] my_logger.INFO: home page loaded [] []
[2016-05-30 18:49:34] my_logger.INFO: home page loaded [] []
[2016-05-30 18:52:47] my_logger.INFO: home page loaded [] []
[2016-05-30 18:52:57] my_logger.INFO: home page loaded [] []
[2016-05-30 18:53:00] my_logger.INFO: places answer page [] []
[2016-05-30 18:53:28] my_logger.INFO: home page loaded [] []
[2016-05-30 18:53:30] my_logger.INFO: places answer page [] []
[2016-05-30 18:53:46] my_logger.INFO: places answer page [] []
[2016-05-30 18:55:00] my_logger.INFO: home page loaded [] []
[2016-05-30 18:55:02] my_logger.INFO: places answer page [] []
[2016-05-30 18:55:18] my_logger.INFO: home page loaded [] []
[2016-05-30 18:55:22] my_logger.INFO: places answer page [] []
[2016-05-30 18:56:27] my_logger.INFO: home page loaded [] []
[2016-05-30 18:56:31] my_logger.INFO: places answer page [] []
[2016-05-30 19:01:11] my_logger.INFO: home page loaded [] []
[2016-05-30 19:01:21] my_logger.INFO: home page loaded [] []
[2016-05-30 19:01:31] my_logger.INFO: home page loaded [] []
[2016-05-30 19:02:01] my_logger.INFO: home page loaded [] []
[2016-05-30 19:02:42] my_logger.INFO: home page loaded [] []
[2016-05-30 19:02:46] my_logger.INFO: places answer page [] []
[2016-05-30 19:04:14] my_logger.INFO: home page loaded [] []
[2016-05-30 19:04:17] my_logger.INFO: places answer page [] []
[2016-05-30 19:08:46] my_logger.INFO: home page loaded [] []
[2016-05-30 19:08:48] my_logger.INFO: places answer page [] []
[2016-05-30 19:11:47] my_logger.INFO: home page loaded [] []
[2016-05-30 19:11:50] my_logger.INFO: places answer page [] []
[2016-05-30 19:12:20] my_logger.INFO: home page loaded [] []
[2016-05-30 19:12:22] my_logger.INFO: places answer page [] []
[2016-05-30 19:12:51] my_logger.INFO: home page loaded [] []
[2016-05-30 19:12:53] my_logger.INFO: places answer page [] []
[2016-05-30 19:15:05] my_logger.INFO: home page loaded [] []
[2016-05-30 19:15:08] my_logger.INFO: places answer page [] []
[2016-05-30 19:15:39] my_logger.INFO: home page loaded [] []
[2016-05-30 19:15:41] my_logger.INFO: places answer page [] []
[2016-05-30 19:16:33] my_logger.INFO: home page loaded [] []
[2016-05-30 19:16:37] my_logger.INFO: places answer page [] []
[2016-05-30 19:16:57] my_logger.INFO: home page loaded [] []
[2016-05-30 19:16:59] my_logger.INFO: places answer page [] []
[2016-05-30 19:23:41] my_logger.INFO: home page loaded [] []
[2016-05-30 19:23:44] my_logger.INFO: places answer page [] []
[2016-05-30 19:23:50] my_logger.INFO: places answer page [] []
[2016-05-30 19:24:09] my_logger.INFO: home page loaded [] []
[2016-05-30 19:24:24] my_logger.INFO: home page loaded [] []
[2016-05-30 19:24:27] my_logger.INFO: places answer page [] []
[2016-05-30 19:32:53] my_logger.INFO: home page loaded [] []
[2016-05-30 19:32:55] my_logger.INFO: places answer page [] []
[2016-05-30 19:33:40] my_logger.INFO: home page loaded [] []
[2016-05-30 19:33:42] my_logger.INFO: places answer page [] []
[2016-05-30 19:34:01] my_logger.INFO: places answer page [] []
[2016-05-30 19:35:18] my_logger.INFO: home page loaded [] []
[2016-05-30 19:35:21] my_logger.INFO: places answer page [] []
[2016-05-30 19:37:00] my_logger.INFO: home page loaded [] []
[2016-05-30 19:37:03] my_logger.INFO: places answer page [] []
[2016-05-30 19:37:51] my_logger.INFO: home page loaded [] []
[2016-05-30 19:38:06] my_logger.INFO: places answer page [] []
[2016-05-30 19:38:18] my_logger.INFO: home page loaded [] []
[2016-05-30 19:38:22] my_logger.INFO: places answer page [] []
[2016-05-30 19:38:25] my_logger.INFO: places answer page [] []
[2016-05-30 19:39:02] my_logger.INFO: home page loaded [] []
[2016-05-30 19:39:05] my_logger.INFO: places answer page [] []
[2016-05-30 19:39:08] my_logger.INFO: places answer page [] []
[2016-05-30 19:39:10] my_logger.INFO: places answer page [] []
[2016-05-30 19:39:16] my_logger.INFO: home page loaded [] []
[2016-05-30 19:39:20] my_logger.INFO: places answer page [] []
[2016-05-30 19:40:35] my_logger.INFO: home page loaded [] []
[2016-05-30 19:40:40] my_logger.INFO: places answer page [] []
[2016-05-30 19:41:17] my_logger.INFO: home page loaded [] []
[2016-05-30 19:41:23] my_logger.INFO: places answer page [] []
[2016-05-30 19:41:33] my_logger.INFO: home page loaded [] []
[2016-05-30 19:41:38] my_logger.INFO: places answer page [] []
[2016-05-30 19:41:56] my_logger.INFO: home page loaded [] []
[2016-05-30 19:42:02] my_logger.INFO: places answer page [] []
[2016-05-30 19:42:17] my_logger.INFO: home page loaded [] []
[2016-05-30 19:42:20] my_logger.INFO: places answer page [] []
[2016-05-30 19:42:40] my_logger.INFO: home page loaded [] []
[2016-05-30 19:42:42] my_logger.INFO: places answer page [] []
[2016-05-30 19:42:51] my_logger.INFO: places answer page [] []
[2016-05-30 19:43:50] my_logger.INFO: home page loaded [] []
[2016-05-30 19:43:53] my_logger.INFO: places answer page [] []
[2016-05-30 19:44:15] my_logger.INFO: home page loaded [] []
[2016-05-30 19:44:18] my_logger.INFO: places answer page [] []
[2016-05-30 19:44:27] my_logger.INFO: home page loaded [] []
[2016-05-30 19:44:30] my_logger.INFO: places answer page [] []
[2016-05-30 19:44:36] my_logger.INFO: home page loaded [] []
[2016-05-30 19:44:38] my_logger.INFO: places answer page [] []
[2016-05-30 19:45:17] my_logger.INFO: home page loaded [] []
[2016-05-30 19:45:21] my_logger.INFO: places answer page [] []
[2016-05-30 19:46:25] my_logger.INFO: home page loaded [] []
[2016-05-30 19:46:29] my_logger.INFO: places answer page [] []
[2016-05-30 19:47:23] my_logger.INFO: home page loaded [] []
[2016-05-30 19:47:24] my_logger.INFO: places answer page [] []
[2016-05-30 19:48:06] my_logger.INFO: home page loaded [] []
[2016-05-30 19:48:09] my_logger.INFO: places answer page [] []
[2016-05-30 19:49:09] my_logger.INFO: home page loaded [] []
[2016-05-30 19:49:13] my_logger.INFO: places answer page [] []
[2016-05-30 19:49:32] my_logger.INFO: home page loaded [] []
[2016-05-30 19:49:35] my_logger.INFO: places answer page [] []
[2016-05-30 19:50:24] my_logger.INFO: home page loaded [] []
[2016-05-30 19:50:27] my_logger.INFO: places answer page [] []
[2016-05-30 19:50:47] my_logger.INFO: places answer page [] []
[2016-05-30 19:51:13] my_logger.INFO: home page loaded [] []
[2016-05-30 19:51:17] my_logger.INFO: places answer page [] []
[2016-05-30 19:52:00] my_logger.INFO: places answer page [] []
[2016-05-30 19:53:31] my_logger.INFO: home page loaded [] []
[2016-05-30 19:53:35] my_logger.INFO: places answer page [] []
[2016-05-30 19:53:47] my_logger.INFO: home page loaded [] []
[2016-05-30 19:53:55] my_logger.INFO: places answer page [] []
[2016-05-30 19:54:31] my_logger.INFO: home page loaded [] []
[2016-05-30 19:54:35] my_logger.INFO: places answer page [] []
[2016-05-30 19:59:00] my_logger.INFO: home page loaded [] []
[2016-05-30 19:59:04] my_logger.INFO: places answer page [] []
[2016-05-30 20:05:16] my_logger.INFO: home page loaded [] []
[2016-05-30 20:05:23] my_logger.INFO: places answer page [] []
[2016-05-30 20:06:02] my_logger.INFO: places answer page [] []
[2016-05-30 20:06:49] my_logger.INFO: places answer page [] []
[2016-05-30 20:06:52] my_logger.INFO: places answer page [] []
[2016-05-30 20:07:20] my_logger.INFO: places answer page [] []
[2016-05-30 20:07:37] my_logger.INFO: places answer page [] []
[2016-05-30 20:07:37] my_logger.INFO: home page loaded [] []
[2016-05-30 20:07:44] my_logger.INFO: home page loaded [] []
[2016-05-30 20:07:47] my_logger.INFO: places answer page [] []
[2016-05-30 20:07:48] my_logger.INFO: places answer page [] []
[2016-05-30 20:07:48] my_logger.INFO: places answer page [] []
[2016-05-30 20:07:48] my_logger.INFO: places answer page [] []
[2016-05-30 20:07:48] my_logger.INFO: places answer page [] []
[2016-05-30 20:07:48] my_logger.INFO: places answer page [] []
[2016-05-30 20:09:02] my_logger.INFO: home page loaded [] []
[2016-05-30 20:09:06] my_logger.INFO: places answer page [] []
[2016-05-30 20:09:29] my_logger.INFO: places answer page [] []
[2016-05-30 20:10:19] my_logger.INFO: places answer page [] []
[2016-05-30 20:10:23] my_logger.INFO: places answer page [] []
[2016-05-30 20:10:39] my_logger.INFO: places answer page [] []
[2016-05-30 20:10:44] my_logger.INFO: places answer page [] []
[2016-05-30 20:12:50] my_logger.INFO: home page loaded [] []
[2016-05-30 20:12:55] my_logger.INFO: places answer page [] []
[2016-05-30 20:14:30] my_logger.INFO: home page loaded [] []
[2016-05-30 20:14:39] my_logger.INFO: places answer page [] []
[2016-05-30 20:15:13] my_logger.INFO: places answer page [] []
[2016-05-30 20:16:18] my_logger.INFO: home page loaded [] []
[2016-05-30 20:16:20] my_logger.INFO: places answer page [] []
[2016-05-30 20:16:38] my_logger.INFO: places answer page [] []
[2016-05-30 20:17:02] my_logger.INFO: home page loaded [] []
[2016-05-30 20:17:05] my_logger.INFO: places answer page [] []
[2016-05-30 20:17:38] my_logger.INFO: home page loaded [] []
[2016-05-30 20:17:42] my_logger.INFO: places answer page [] []
[2016-05-30 20:18:16] my_logger.INFO: home page loaded [] []
[2016-05-30 20:18:24] my_logger.INFO: places answer page [] []
[2016-05-30 20:19:11] my_logger.INFO: home page loaded [] []
[2016-05-30 20:19:14] my_logger.INFO: places answer page [] []
[2016-05-30 20:21:16] my_logger.INFO: home page loaded [] []
[2016-05-30 20:21:23] my_logger.INFO: places answer page [] []
[2016-05-30 20:21:59] my_logger.INFO: home page loaded [] []
[2016-05-30 20:22:03] my_logger.INFO: places answer page [] []
[2016-05-30 20:22:08] my_logger.INFO: places answer page [] []
[2016-05-30 20:22:16] my_logger.INFO: places answer page [] []
[2016-05-30 20:22:17] my_logger.INFO: places answer page [] []
[2016-05-30 20:22:18] my_logger.INFO: places answer page [] []
[2016-05-30 20:22:19] my_logger.INFO: places answer page [] []
[2016-05-30 20:24:12] my_logger.INFO: home page loaded [] []
[2016-05-30 20:24:20] my_logger.INFO: places answer page [] []
[2016-05-30 20:24:20] my_logger.INFO: places answer page [] []
[2016-05-30 20:24:20] my_logger.INFO: places answer page [] []
[2016-05-30 20:24:20] my_logger.INFO: places answer page [] []
[2016-05-30 20:24:20] my_logger.INFO: places answer page [] []
[2016-05-30 20:24:20] my_logger.INFO: places answer page [] []
[2016-05-30 20:26:01] my_logger.INFO: home page loaded [] []
[2016-05-30 20:26:06] my_logger.INFO: places answer page [] []
[2016-05-30 20:26:07] my_logger.INFO: places answer page [] []
[2016-05-30 20:26:07] my_logger.INFO: places answer page [] []
[2016-05-30 20:26:07] my_logger.INFO: places answer page [] []
[2016-05-30 20:26:07] my_logger.INFO: places answer page [] []
[2016-05-30 20:26:07] my_logger.INFO: places answer page [] []
[2016-05-30 20:27:27] my_logger.INFO: home page loaded [] []
[2016-05-30 20:27:34] my_logger.INFO: places answer page [] []
[2016-05-30 20:27:35] my_logger.INFO: places answer page [] []
[2016-05-30 20:27:35] my_logger.INFO: places answer page [] []
[2016-05-30 20:27:35] my_logger.INFO: places answer page [] []
[2016-05-30 20:27:35] my_logger.INFO: places answer page [] []
[2016-05-30 20:27:35] my_logger.INFO: places answer page [] []
[2016-05-30 20:28:20] my_logger.INFO: home page loaded [] []
[2016-05-30 20:28:24] my_logger.INFO: places answer page [] []
[2016-05-30 20:28:25] my_logger.INFO: places answer page [] []
[2016-05-30 20:28:25] my_logger.INFO: places answer page [] []
[2016-05-30 20:28:25] my_logger.INFO: places answer page [] []
[2016-05-30 20:28:25] my_logger.INFO: places answer page [] []
[2016-05-30 20:28:25] my_logger.INFO: places answer page [] []
[2016-05-30 20:28:45] my_logger.INFO: home page loaded [] []
[2016-05-30 20:28:48] my_logger.INFO: places answer page [] []
[2016-05-30 20:28:49] my_logger.INFO: places answer page [] []
[2016-05-30 20:28:49] my_logger.INFO: places answer page [] []
[2016-05-30 20:28:49] my_logger.INFO: places answer page [] []
[2016-05-30 20:28:49] my_logger.INFO: places answer page [] []
[2016-05-30 20:28:49] my_logger.INFO: places answer page [] []
[2016-05-30 20:31:04] my_logger.INFO: home page loaded [] []
[2016-05-30 20:31:14] my_logger.INFO: places answer page [] []
[2016-05-30 20:31:15] my_logger.INFO: places answer page [] []
[2016-05-30 20:31:15] my_logger.INFO: places answer page [] []
[2016-05-30 20:31:15] my_logger.INFO: places answer page [] []
[2016-05-30 20:31:15] my_logger.INFO: places answer page [] []
[2016-05-30 20:31:15] my_logger.INFO: places answer page [] []
[2016-05-30 20:31:37] my_logger.INFO: home page loaded [] []
[2016-05-30 20:31:47] my_logger.INFO: places answer page [] []
[2016-05-30 20:31:48] my_logger.INFO: places answer page [] []
[2016-05-30 20:31:48] my_logger.INFO: places answer page [] []
[2016-05-30 20:31:48] my_logger.INFO: places answer page [] []
[2016-05-30 20:31:48] my_logger.INFO: places answer page [] []
[2016-05-30 20:31:48] my_logger.INFO: places answer page [] []
[2016-05-30 20:32:02] my_logger.INFO: home page loaded [] []
[2016-05-30 20:32:06] my_logger.INFO: places answer page [] []
[2016-05-30 20:32:06] my_logger.INFO: places answer page [] []
[2016-05-30 20:32:06] my_logger.INFO: places answer page [] []
[2016-05-30 20:32:06] my_logger.INFO: places answer page [] []
[2016-05-30 20:32:06] my_logger.INFO: places answer page [] []
[2016-05-30 20:32:06] my_logger.INFO: places answer page [] []
[2016-05-30 20:33:01] my_logger.INFO: home page loaded [] []
[2016-05-30 20:33:05] my_logger.INFO: places answer page [] []
[2016-05-30 20:33:05] my_logger.INFO: places answer page [] []
[2016-05-30 20:33:05] my_logger.INFO: places answer page [] []
[2016-05-30 20:33:05] my_logger.INFO: places answer page [] []
[2016-05-30 20:33:05] my_logger.INFO: places answer page [] []
[2016-05-30 20:33:05] my_logger.INFO: places answer page [] []
[2016-05-30 20:33:32] my_logger.INFO: home page loaded [] []
[2016-05-30 20:33:35] my_logger.INFO: places answer page [] []
[2016-05-30 20:33:36] my_logger.INFO: places answer page [] []
[2016-05-30 20:33:36] my_logger.INFO: places answer page [] []
[2016-05-30 20:33:36] my_logger.INFO: places answer page [] []
[2016-05-30 20:33:36] my_logger.INFO: places answer page [] []
[2016-05-30 20:33:36] my_logger.INFO: places answer page [] []
[2016-05-30 20:34:19] my_logger.INFO: places answer page [] []
[2016-05-30 20:34:20] my_logger.INFO: places answer page [] []
[2016-05-30 20:34:20] my_logger.INFO: places answer page [] []
[2016-05-30 20:34:20] my_logger.INFO: places answer page [] []
[2016-05-30 20:34:20] my_logger.INFO: places answer page [] []
[2016-05-30 20:34:20] my_logger.INFO: places answer page [] []
[2016-05-30 20:34:20] my_logger.INFO: places answer page [] []
[2016-05-30 20:34:20] my_logger.INFO: places answer page [] []
[2016-05-30 20:34:20] my_logger.INFO: places answer page [] []
[2016-05-30 20:34:20] my_logger.INFO: places answer page [] []
[2016-05-30 20:34:20] my_logger.INFO: places answer page [] []
[2016-05-30 20:34:20] my_logger.INFO: places answer page [] []
[2016-05-30 20:34:20] my_logger.INFO: places answer page [] []
[2016-05-30 20:34:20] my_logger.INFO: places answer page [] []
[2016-05-30 20:34:20] my_logger.INFO: places answer page [] []
[2016-05-30 20:34:20] my_logger.INFO: places answer page [] []
[2016-05-30 20:34:20] my_logger.INFO: places answer page [] []
[2016-05-30 20:34:20] my_logger.INFO: places answer page [] []
[2016-05-30 20:34:20] my_logger.INFO: places answer page [] []
[2016-05-30 20:34:20] my_logger.INFO: places answer page [] []
[2016-05-30 20:34:21] my_logger.INFO: places answer page [] []
[2016-05-30 20:36:02] my_logger.INFO: home page loaded [] []
[2016-05-30 20:36:06] my_logger.INFO: places answer page [] []
[2016-05-30 20:36:07] my_logger.INFO: places answer page [] []
[2016-05-30 20:36:07] my_logger.INFO: places answer page [] []
[2016-05-30 20:36:07] my_logger.INFO: places answer page [] []
[2016-05-30 20:36:07] my_logger.INFO: places answer page [] []
[2016-05-30 20:36:07] my_logger.INFO: places answer page [] []
[2016-05-30 20:36:26] my_logger.INFO: home page loaded [] []
[2016-05-30 20:36:30] my_logger.INFO: places answer page [] []
[2016-05-30 20:36:30] my_logger.INFO: places answer page [] []
[2016-05-30 20:36:30] my_logger.INFO: places answer page [] []
[2016-05-30 20:36:30] my_logger.INFO: places answer page [] []
[2016-05-30 20:36:30] my_logger.INFO: places answer page [] []
[2016-05-30 20:36:30] my_logger.INFO: places answer page [] []
[2016-05-30 20:38:16] my_logger.INFO: home page loaded [] []
[2016-05-30 20:38:37] my_logger.INFO: home page loaded [] []
[2016-05-30 20:38:41] my_logger.INFO: places answer page [] []
[2016-05-30 20:38:42] my_logger.INFO: places answer page [] []
[2016-05-30 20:38:42] my_logger.INFO: places answer page [] []
[2016-05-30 20:38:42] my_logger.INFO: places answer page [] []
[2016-05-30 20:38:42] my_logger.INFO: places answer page [] []
[2016-05-30 20:38:42] my_logger.INFO: places answer page [] []
[2016-05-30 20:39:01] my_logger.INFO: home page loaded [] []
[2016-05-30 20:40:33] my_logger.INFO: home page loaded [] []
[2016-05-30 20:40:37] my_logger.INFO: places answer page [] []
[2016-05-30 20:40:37] my_logger.INFO: places answer page [] []
[2016-05-30 20:40:37] my_logger.INFO: places answer page [] []
[2016-05-30 20:40:37] my_logger.INFO: places answer page [] []
[2016-05-30 20:40:37] my_logger.INFO: places answer page [] []
[2016-05-30 20:40:37] my_logger.INFO: places answer page [] []
[2016-05-30 20:41:08] my_logger.INFO: home page loaded [] []
[2016-05-30 20:41:12] my_logger.INFO: places answer page [] []
[2016-05-30 20:41:12] my_logger.INFO: places answer page [] []
[2016-05-30 20:41:12] my_logger.INFO: places answer page [] []
[2016-05-30 20:41:12] my_logger.INFO: places answer page [] []
[2016-05-30 20:41:12] my_logger.INFO: places answer page [] []
[2016-05-30 20:41:12] my_logger.INFO: places answer page [] []
[2016-05-30 20:41:19] my_logger.INFO: home page loaded [] []
[2016-05-30 20:41:22] my_logger.INFO: places answer page [] []
[2016-05-30 20:41:23] my_logger.INFO: places answer page [] []
[2016-05-30 20:41:23] my_logger.INFO: places answer page [] []
[2016-05-30 20:41:23] my_logger.INFO: places answer page [] []
[2016-05-30 20:41:23] my_logger.INFO: places answer page [] []
[2016-05-30 20:41:23] my_logger.INFO: places answer page [] []
[2016-05-30 20:43:19] my_logger.INFO: home page loaded [] []
[2016-05-30 20:43:22] my_logger.INFO: places answer page [] []
[2016-05-30 20:43:23] my_logger.INFO: places answer page [] []
[2016-05-30 20:43:23] my_logger.INFO: places answer page [] []
[2016-05-30 20:43:23] my_logger.INFO: places answer page [] []
[2016-05-30 20:43:23] my_logger.INFO: places answer page [] []
[2016-05-30 20:43:23] my_logger.INFO: places answer page [] []
[2016-05-30 20:43:50] my_logger.INFO: home page loaded [] []
[2016-05-30 20:43:53] my_logger.INFO: places answer page [] []
[2016-05-30 20:43:53] my_logger.INFO: places answer page [] []
[2016-05-30 20:43:53] my_logger.INFO: places answer page [] []
[2016-05-30 20:43:53] my_logger.INFO: places answer page [] []
[2016-05-30 20:43:53] my_logger.INFO: places answer page [] []
[2016-05-30 20:43:53] my_logger.INFO: places answer page [] []
[2016-05-30 20:44:03] my_logger.INFO: home page loaded [] []
[2016-05-30 20:44:07] my_logger.INFO: places answer page [] []
[2016-05-30 20:44:07] my_logger.INFO: places answer page [] []
[2016-05-30 20:44:07] my_logger.INFO: places answer page [] []
[2016-05-30 20:44:07] my_logger.INFO: places answer page [] []
[2016-05-30 20:44:07] my_logger.INFO: places answer page [] []
[2016-05-30 20:44:07] my_logger.INFO: places answer page [] []
[2016-05-30 20:44:39] my_logger.INFO: home page loaded [] []
[2016-05-30 20:44:43] my_logger.INFO: places answer page [] []
[2016-05-30 20:44:43] my_logger.INFO: places answer page [] []
[2016-05-30 20:44:43] my_logger.INFO: places answer page [] []
[2016-05-30 20:44:43] my_logger.INFO: places answer page [] []
[2016-05-30 20:44:43] my_logger.INFO: places answer page [] []
[2016-05-30 20:44:43] my_logger.INFO: places answer page [] []
[2016-05-30 20:45:08] my_logger.INFO: home page loaded [] []
[2016-05-30 20:45:12] my_logger.INFO: places answer page [] []
[2016-05-30 20:45:13] my_logger.INFO: places answer page [] []
[2016-05-30 20:45:13] my_logger.INFO: places answer page [] []
[2016-05-30 20:45:13] my_logger.INFO: places answer page [] []
[2016-05-30 20:45:13] my_logger.INFO: places answer page [] []
[2016-05-30 20:45:13] my_logger.INFO: places answer page [] []
[2016-05-30 20:45:30] my_logger.INFO: home page loaded [] []
[2016-05-30 20:45:33] my_logger.INFO: places answer page [] []
[2016-05-30 20:45:33] my_logger.INFO: places answer page [] []
[2016-05-30 20:45:33] my_logger.INFO: places answer page [] []
[2016-05-30 20:45:33] my_logger.INFO: places answer page [] []
[2016-05-30 20:45:33] my_logger.INFO: places answer page [] []
[2016-05-30 20:45:33] my_logger.INFO: places answer page [] []
[2016-05-30 20:45:54] my_logger.INFO: home page loaded [] []
[2016-05-30 20:45:57] my_logger.INFO: places answer page [] []
[2016-05-30 20:45:58] my_logger.INFO: places answer page [] []
[2016-05-30 20:45:58] my_logger.INFO: places answer page [] []
[2016-05-30 20:45:58] my_logger.INFO: places answer page [] []
[2016-05-30 20:45:58] my_logger.INFO: places answer page [] []
[2016-05-30 20:45:58] my_logger.INFO: places answer page [] []
[2016-05-30 20:49:53] my_logger.INFO: home page loaded [] []
[2016-05-30 20:49:58] my_logger.INFO: places answer page [] []
[2016-05-30 20:49:59] my_logger.INFO: places answer page [] []
[2016-05-30 20:49:59] my_logger.INFO: places answer page [] []
[2016-05-30 20:49:59] my_logger.INFO: places answer page [] []
[2016-05-30 20:49:59] my_logger.INFO: places answer page [] []
[2016-05-30 20:49:59] my_logger.INFO: places answer page [] []
[2016-05-30 20:49:59] my_logger.INFO: places answer page [] []
[2016-05-30 20:49:59] my_logger.INFO: places answer page [] []
[2016-05-30 20:49:59] my_logger.INFO: places answer page [] []
[2016-05-30 20:49:59] my_logger.INFO: places answer page [] []
[2016-05-30 20:50:00] my_logger.INFO: places answer page [] []
[2016-05-30 20:50:00] my_logger.INFO: places answer page [] []
[2016-05-30 20:50:00] my_logger.INFO: places answer page [] []
[2016-05-30 20:50:00] my_logger.INFO: places answer page [] []
[2016-05-30 20:50:00] my_logger.INFO: places answer page [] []
[2016-05-30 20:50:00] my_logger.INFO: places answer page [] []
[2016-05-30 20:50:00] my_logger.INFO: places answer page [] []
[2016-05-30 20:50:00] my_logger.INFO: places answer page [] []
[2016-05-30 20:50:00] my_logger.INFO: places answer page [] []
[2016-05-30 20:50:00] my_logger.INFO: places answer page [] []
[2016-05-30 20:50:00] my_logger.INFO: places answer page [] []
[2016-05-30 20:50:28] my_logger.INFO: home page loaded [] []
[2016-05-30 20:50:33] my_logger.INFO: places answer page [] []
[2016-05-30 20:50:34] my_logger.INFO: places answer page [] []
[2016-05-30 20:50:34] my_logger.INFO: places answer page [] []
[2016-05-30 20:50:34] my_logger.INFO: places answer page [] []
[2016-05-30 20:50:34] my_logger.INFO: places answer page [] []
[2016-05-30 20:50:34] my_logger.INFO: places answer page [] []
[2016-05-30 20:50:34] my_logger.INFO: places answer page [] []
[2016-05-30 20:50:35] my_logger.INFO: places answer page [] []
[2016-05-30 20:50:35] my_logger.INFO: places answer page [] []
[2016-05-30 20:50:35] my_logger.INFO: places answer page [] []
[2016-05-30 20:50:35] my_logger.INFO: places answer page [] []
[2016-05-30 20:50:35] my_logger.INFO: places answer page [] []
[2016-05-30 20:50:35] my_logger.INFO: places answer page [] []
[2016-05-30 20:50:35] my_logger.INFO: places answer page [] []
[2016-05-30 20:50:35] my_logger.INFO: places answer page [] []
[2016-05-30 20:50:35] my_logger.INFO: places answer page [] []
[2016-05-30 20:50:35] my_logger.INFO: places answer page [] []
[2016-05-30 20:50:35] my_logger.INFO: places answer page [] []
[2016-05-30 20:50:35] my_logger.INFO: places answer page [] []
[2016-05-30 20:50:35] my_logger.INFO: places answer page [] []
[2016-05-30 20:50:35] my_logger.INFO: places answer page [] []
[2016-05-30 20:52:34] my_logger.INFO: home page loaded [] []
[2016-05-30 20:52:39] my_logger.INFO: places answer page [] []
[2016-05-30 20:52:40] my_logger.INFO: places answer page [] []
[2016-05-30 20:52:40] my_logger.INFO: places answer page [] []
[2016-05-30 20:52:40] my_logger.INFO: places answer page [] []
[2016-05-30 20:52:40] my_logger.INFO: places answer page [] []
[2016-05-30 20:52:40] my_logger.INFO: places answer page [] []
[2016-05-30 20:53:38] my_logger.INFO: places answer page [] []
[2016-05-30 20:53:39] my_logger.INFO: places answer page [] []
[2016-05-30 20:53:39] my_logger.INFO: places answer page [] []
[2016-05-30 20:53:39] my_logger.INFO: places answer page [] []
[2016-05-30 20:53:39] my_logger.INFO: places answer page [] []
[2016-05-30 20:53:39] my_logger.INFO: places answer page [] []
[2016-05-30 20:53:39] my_logger.INFO: places answer page [] []
[2016-05-30 20:53:39] my_logger.INFO: places answer page [] []
[2016-05-30 20:53:39] my_logger.INFO: places answer page [] []
[2016-05-30 20:53:39] my_logger.INFO: places answer page [] []
[2016-05-30 20:53:39] my_logger.INFO: places answer page [] []
[2016-05-30 20:53:39] my_logger.INFO: places answer page [] []
[2016-05-30 20:53:39] my_logger.INFO: places answer page [] []
[2016-05-30 20:53:39] my_logger.INFO: places answer page [] []
[2016-05-30 20:53:39] my_logger.INFO: places answer page [] []
[2016-05-30 20:53:39] my_logger.INFO: places answer page [] []
[2016-05-30 20:53:39] my_logger.INFO: places answer page [] []
[2016-05-30 20:53:40] my_logger.INFO: places answer page [] []
[2016-05-30 20:53:40] my_logger.INFO: places answer page [] []
[2016-05-30 20:53:40] my_logger.INFO: places answer page [] []
[2016-05-30 20:53:40] my_logger.INFO: places answer page [] []
[2016-05-30 20:58:33] my_logger.INFO: home page loaded [] []
[2016-05-30 20:58:37] my_logger.INFO: places answer page [] []
[2016-05-30 20:58:38] my_logger.INFO: places answer page [] []
[2016-05-30 20:58:38] my_logger.INFO: places answer page [] []
[2016-05-30 20:58:38] my_logger.INFO: places answer page [] []
[2016-05-30 20:58:38] my_logger.INFO: places answer page [] []
[2016-05-30 20:58:38] my_logger.INFO: places answer page [] []
[2016-05-30 20:58:38] my_logger.INFO: places answer page [] []
[2016-05-30 20:58:38] my_logger.INFO: places answer page [] []
[2016-05-30 20:58:38] my_logger.INFO: places answer page [] []
[2016-05-30 20:58:39] my_logger.INFO: places answer page [] []
[2016-05-30 20:58:39] my_logger.INFO: places answer page [] []
[2016-05-30 20:58:39] my_logger.INFO: places answer page [] []
[2016-05-30 20:58:39] my_logger.INFO: places answer page [] []
[2016-05-30 20:58:39] my_logger.INFO: places answer page [] []
[2016-05-30 20:58:39] my_logger.INFO: places answer page [] []
[2016-05-30 20:58:39] my_logger.INFO: places answer page [] []
[2016-05-30 20:58:39] my_logger.INFO: places answer page [] []
[2016-05-30 20:58:39] my_logger.INFO: places answer page [] []
[2016-05-30 20:58:39] my_logger.INFO: places answer page [] []
[2016-05-30 20:58:39] my_logger.INFO: places answer page [] []
[2016-05-30 20:58:39] my_logger.INFO: places answer page [] []
[2016-05-30 20:58:46] my_logger.INFO: places answer page [] []
[2016-05-30 20:58:47] my_logger.INFO: places answer page [] []
[2016-05-30 20:58:47] my_logger.INFO: places answer page [] []
[2016-05-30 20:58:47] my_logger.INFO: places answer page [] []
[2016-05-30 20:58:47] my_logger.INFO: places answer page [] []
[2016-05-30 20:58:47] my_logger.INFO: places answer page [] []
[2016-05-30 20:58:47] my_logger.INFO: places answer page [] []
[2016-05-30 20:58:47] my_logger.INFO: places answer page [] []
[2016-05-30 20:58:47] my_logger.INFO: places answer page [] []
[2016-05-30 20:58:48] my_logger.INFO: places answer page [] []
[2016-05-30 20:58:48] my_logger.INFO: places answer page [] []
[2016-05-30 20:58:48] my_logger.INFO: places answer page [] []
[2016-05-30 20:58:48] my_logger.INFO: places answer page [] []
[2016-05-30 20:58:48] my_logger.INFO: places answer page [] []
[2016-05-30 20:58:48] my_logger.INFO: places answer page [] []
[2016-05-30 20:58:48] my_logger.INFO: places answer page [] []
[2016-05-30 20:58:48] my_logger.INFO: places answer page [] []
[2016-05-30 20:58:48] my_logger.INFO: places answer page [] []
[2016-05-30 20:58:48] my_logger.INFO: places answer page [] []
[2016-05-30 20:58:48] my_logger.INFO: places answer page [] []
[2016-05-30 20:58:48] my_logger.INFO: places answer page [] []
[2016-05-30 20:58:51] my_logger.INFO: places answer page [] []
[2016-05-30 20:58:51] my_logger.INFO: places answer page [] []
[2016-05-30 20:58:51] my_logger.INFO: places answer page [] []
[2016-05-30 20:58:51] my_logger.INFO: places answer page [] []
[2016-05-30 20:58:51] my_logger.INFO: places answer page [] []
[2016-05-30 20:58:51] my_logger.INFO: places answer page [] []
[2016-05-30 20:58:51] my_logger.INFO: places answer page [] []
[2016-05-30 20:58:52] my_logger.INFO: places answer page [] []
[2016-05-30 20:58:52] my_logger.INFO: places answer page [] []
[2016-05-30 20:58:52] my_logger.INFO: places answer page [] []
[2016-05-30 20:58:52] my_logger.INFO: places answer page [] []
[2016-05-30 20:58:52] my_logger.INFO: places answer page [] []
[2016-05-30 20:58:52] my_logger.INFO: places answer page [] []
[2016-05-30 20:58:52] my_logger.INFO: places answer page [] []
[2016-05-30 20:58:52] my_logger.INFO: places answer page [] []
[2016-05-30 20:58:52] my_logger.INFO: places answer page [] []
[2016-05-30 20:58:52] my_logger.INFO: places answer page [] []
[2016-05-30 20:58:52] my_logger.INFO: places answer page [] []
[2016-05-30 20:58:52] my_logger.INFO: places answer page [] []
[2016-05-30 20:58:52] my_logger.INFO: places answer page [] []
[2016-05-30 20:58:52] my_logger.INFO: places answer page [] []
[2016-05-30 20:58:58] my_logger.INFO: places answer page [] []
[2016-05-30 20:58:59] my_logger.INFO: places answer page [] []
[2016-05-30 20:58:59] my_logger.INFO: places answer page [] []
[2016-05-30 20:58:59] my_logger.INFO: places answer page [] []
[2016-05-30 20:58:59] my_logger.INFO: places answer page [] []
[2016-05-30 20:58:59] my_logger.INFO: places answer page [] []
[2016-05-30 20:58:59] my_logger.INFO: places answer page [] []
[2016-05-30 20:58:59] my_logger.INFO: places answer page [] []
[2016-05-30 20:58:59] my_logger.INFO: places answer page [] []
[2016-05-30 20:58:59] my_logger.INFO: places answer page [] []
[2016-05-30 20:58:59] my_logger.INFO: places answer page [] []
[2016-05-30 20:58:59] my_logger.INFO: places answer page [] []
[2016-05-30 20:58:59] my_logger.INFO: places answer page [] []
[2016-05-30 20:58:59] my_logger.INFO: places answer page [] []
[2016-05-30 20:58:59] my_logger.INFO: places answer page [] []
[2016-05-30 20:58:59] my_logger.INFO: places answer page [] []
[2016-05-30 20:58:59] my_logger.INFO: places answer page [] []
[2016-05-30 20:58:59] my_logger.INFO: places answer page [] []
[2016-05-30 20:58:59] my_logger.INFO: places answer page [] []
[2016-05-30 20:59:00] my_logger.INFO: places answer page [] []
[2016-05-30 20:59:00] my_logger.INFO: places answer page [] []
